<?xml version="1.0" encoding="UTF-8"?>
<!-- Generated by org.testng.reporters.JUnitXMLReporter -->
<testsuite hostname="naveens-mbp-2" name="Firefox Test" tests="1" failures="1" timestamp="2 Jun 2019 14:13:23 GMT" time="48.991" errors="0">
  <testcase name="openBrowser" time="48.934" classname="Inscale.Multi_Browser">
    <failure type="org.openqa.selenium.WebDriverException" message="Failed to connect to binary FirefoxBinary(/Applications/Firefox.app/Contents/MacOS/firefox-bin) on port 7055; process output follows: 
ader&amp;quot;:null,&amp;quot;updateURL&amp;quot;:null,&amp;quot;optionsURL&amp;quot;:null,&amp;quot;optionsType&amp;quot;:null,&amp;quot;optionsBrowserStyle&amp;quot;:true,&amp;quot;aboutURL&amp;quot;:null,&amp;quot;defaultLocale&amp;quot;:{&amp;quot;name&amp;quot;:&amp;quot;Web Compat&amp;quot;,&amp;quot;description&amp;quot;:&amp;quot;Urgent post-release fixes for web compatibility.&amp;quot;,&amp;quot;creator&amp;quot;:null,&amp;quot;developers&amp;quot;:null,&amp;quot;translators&amp;quot;:null,&amp;quot;contributors&amp;quot;:null},&amp;quot;visible&amp;quot;:true,&amp;quot;active&amp;quot;:true,&amp;quot;userDisabled&amp;quot;:false,&amp;quot;appDisabled&amp;quot;:false,&amp;quot;installDate&amp;quot;:1558048439000,&amp;quot;updateDate&amp;quot;:1558048439000,&amp;quot;applyBackgroundUpdates&amp;quot;:1,&amp;quot;path&amp;quot;:&amp;quot;/Applications/Firefox.app/Contents/Resources/browser/features/webcompat@mozilla.org.xpi&amp;quot;,&amp;quot;skinnable&amp;quot;:false,&amp;quot;sourceURI&amp;quot;:null,&amp;quot;releaseNotesURI&amp;quot;:null,&amp;quot;softDisabled&amp;quot;:false,&amp;quot;foreignInstall&amp;quot;:false,&amp;quot;strictCompatibility&amp;quot;:true,&amp;quot;locales&amp;quot;:[],&amp;quot;targetApplications&amp;quot;:[{&amp;quot;id&amp;quot;:&amp;quot;toolkit@mozilla.org&amp;quot;,&amp;quot;minVersion&amp;quot;:&amp;quot;59.0b5&amp;quot;,&amp;quot;maxVersion&amp;quot;:null}],&amp;quot;targetPlatforms&amp;quot;:[],&amp;quot;seen&amp;quot;:true,&amp;quot;dependencies&amp;quot;:[],&amp;quot;incognito&amp;quot;:&amp;quot;spanning&amp;quot;,&amp;quot;userPermissions&amp;quot;:{&amp;quot;permissions&amp;quot;:[&amp;quot;webRequest&amp;quot;,&amp;quot;webRequestBlocking&amp;quot;],&amp;quot;origins&amp;quot;:[&amp;quot;&amp;lt;all_urls&amp;gt;&amp;quot;]},&amp;quot;icons&amp;quot;:{},&amp;quot;iconURL&amp;quot;:null,&amp;quot;blocklistState&amp;quot;:0,&amp;quot;blocklistURL&amp;quot;:null,&amp;quot;startupData&amp;quot;:null,&amp;quot;hidden&amp;quot;:true,&amp;quot;installTelemetryInfo&amp;quot;:null,&amp;quot;rootURI&amp;quot;:&amp;quot;jar:file:///Applications/Firefox.app/Contents/Resources/browser/features/webcompat@mozilla.org.xpi!/&amp;quot;,&amp;quot;location&amp;quot;:&amp;quot;app-system-defaults&amp;quot;}
1559484765374	addons.xpi-utils	DEBUG	Updating add-on states
1559484765374	addons.xpi-utils	DEBUG	Error: Synchronously loading the add-ons database(resource://gre/modules/addons/XPIDatabase.jsm:1310:15) JS Stack trace: syncLoadDB@XPIDatabase.jsm:1310:15
startup@XPIProvider.jsm:2242:23
callProvider@AddonManager.jsm:204:31
_startProvider@AddonManager.jsm:655:5
startup@AddonManager.jsm:811:14
startup@AddonManager.jsm:2804:26
observe@addonManager.js:65:29
1559484765390	addons.xpi	DEBUG	Calling bootstrap method startup on formautofill@mozilla.org version 1.0
1559484765412	addons.xpi	DEBUG	Calling bootstrap method startup on fxmonitor@mozilla.org version 3.0
1559484765413	addons.xpi	DEBUG	Calling bootstrap method startup on screenshots@mozilla.org version 37.1.0
1559484765414	addons.xpi	DEBUG	Calling bootstrap method startup on webcompat@mozilla.org version 4.0.0
1559484765417	addons.manager	DEBUG	Registering shutdown blocker for XPIProvider
1559484765417	addons.manager	DEBUG	Provider finished startup: XPIProvider
1559484765417	addons.manager	DEBUG	Starting provider: LightweightThemeManager
1559484765417	addons.manager	DEBUG	Registering shutdown blocker for LightweightThemeManager
1559484765418	addons.manager	DEBUG	Provider finished startup: LightweightThemeManager
1559484765418	addons.manager	DEBUG	Starting provider: GMPProvider
1559484765437	addons.manager	DEBUG	Registering shutdown blocker for GMPProvider
1559484765438	addons.manager	DEBUG	Provider finished startup: GMPProvider
1559484765438	addons.manager	DEBUG	Starting provider: PluginProvider
1559484765438	addons.manager	DEBUG	Registering shutdown blocker for PluginProvider
1559484765438	addons.manager	DEBUG	Provider finished startup: PluginProvider
1559484765502	addons.manager	DEBUG	Completed startup sequence
1559484770255	addons.repository	DEBUG	No addons.json found.
1559484790807	addons.manager	DEBUG	Registering upgrade listener for formautofill@mozilla.org
1559484791846	addons.xpi	DEBUG	Ignoring file: name is not a valid add-on ID: /var/folders/zd/1jjypqsj545c4kqlxjgpvcqm0000gn/T/anonymous1681484531457380864webdriver-profile/extensions/webdriver-staging
1559484791847	addons.xpi	DEBUG	Existing add-on formautofill@mozilla.org in app-system-defaults
1559484791848	addons.xpi	DEBUG	Existing add-on fxmonitor@mozilla.org in app-system-defaults
1559484791848	addons.xpi	DEBUG	Existing add-on screenshots@mozilla.org in app-system-defaults
1559484791849	addons.xpi	DEBUG	Existing add-on webcompat-reporter@mozilla.org in app-system-defaults
1559484791849	addons.xpi	DEBUG	Existing add-on webcompat@mozilla.org in app-system-defaults
1559484791850	addons.xpi	DEBUG	scanForChanges changed: false, state: {}
JavaScript error: resource://gre/modules/addons/XPIProvider.jsm, line 2706: TypeError: addon is null
1559484797175	addons.xpi-utils	DEBUG	XPI Database saved, setting schema version preference to 31

Build info: version: &amp;apos;2.53.0&amp;apos;, revision: &amp;apos;35ae25b&amp;apos;, time: &amp;apos;2016-03-15 17:00:58&amp;apos;
System info: host: &amp;apos;naveens-mbp-2&amp;apos;, ip: &amp;apos;127.0.0.1&amp;apos;, os.name: &amp;apos;Mac OS X&amp;apos;, os.arch: &amp;apos;x86_64&amp;apos;, os.version: &amp;apos;10.13.3&amp;apos;, java.version: &amp;apos;1.8.0_91&amp;apos;
Driver info: driver.version: FirefoxDriver">
      <![CDATA[org.openqa.selenium.WebDriverException: Failed to connect to binary FirefoxBinary(/Applications/Firefox.app/Contents/MacOS/firefox-bin) on port 7055; process output follows: 
ader":null,"updateURL":null,"optionsURL":null,"optionsType":null,"optionsBrowserStyle":true,"aboutURL":null,"defaultLocale":{"name":"Web Compat","description":"Urgent post-release fixes for web compatibility.","creator":null,"developers":null,"translators":null,"contributors":null},"visible":true,"active":true,"userDisabled":false,"appDisabled":false,"installDate":1558048439000,"updateDate":1558048439000,"applyBackgroundUpdates":1,"path":"/Applications/Firefox.app/Contents/Resources/browser/features/webcompat@mozilla.org.xpi","skinnable":false,"sourceURI":null,"releaseNotesURI":null,"softDisabled":false,"foreignInstall":false,"strictCompatibility":true,"locales":[],"targetApplications":[{"id":"toolkit@mozilla.org","minVersion":"59.0b5","maxVersion":null}],"targetPlatforms":[],"seen":true,"dependencies":[],"incognito":"spanning","userPermissions":{"permissions":["webRequest","webRequestBlocking"],"origins":["<all_urls>"]},"icons":{},"iconURL":null,"blocklistState":0,"blocklistURL":null,"startupData":null,"hidden":true,"installTelemetryInfo":null,"rootURI":"jar:file:///Applications/Firefox.app/Contents/Resources/browser/features/webcompat@mozilla.org.xpi!/","location":"app-system-defaults"}
1559484765374	addons.xpi-utils	DEBUG	Updating add-on states
1559484765374	addons.xpi-utils	DEBUG	Error: Synchronously loading the add-ons database(resource://gre/modules/addons/XPIDatabase.jsm:1310:15) JS Stack trace: syncLoadDB@XPIDatabase.jsm:1310:15
startup@XPIProvider.jsm:2242:23
callProvider@AddonManager.jsm:204:31
_startProvider@AddonManager.jsm:655:5
startup@AddonManager.jsm:811:14
startup@AddonManager.jsm:2804:26
observe@addonManager.js:65:29
1559484765390	addons.xpi	DEBUG	Calling bootstrap method startup on formautofill@mozilla.org version 1.0
1559484765412	addons.xpi	DEBUG	Calling bootstrap method startup on fxmonitor@mozilla.org version 3.0
1559484765413	addons.xpi	DEBUG	Calling bootstrap method startup on screenshots@mozilla.org version 37.1.0
1559484765414	addons.xpi	DEBUG	Calling bootstrap method startup on webcompat@mozilla.org version 4.0.0
1559484765417	addons.manager	DEBUG	Registering shutdown blocker for XPIProvider
1559484765417	addons.manager	DEBUG	Provider finished startup: XPIProvider
1559484765417	addons.manager	DEBUG	Starting provider: LightweightThemeManager
1559484765417	addons.manager	DEBUG	Registering shutdown blocker for LightweightThemeManager
1559484765418	addons.manager	DEBUG	Provider finished startup: LightweightThemeManager
1559484765418	addons.manager	DEBUG	Starting provider: GMPProvider
1559484765437	addons.manager	DEBUG	Registering shutdown blocker for GMPProvider
1559484765438	addons.manager	DEBUG	Provider finished startup: GMPProvider
1559484765438	addons.manager	DEBUG	Starting provider: PluginProvider
1559484765438	addons.manager	DEBUG	Registering shutdown blocker for PluginProvider
1559484765438	addons.manager	DEBUG	Provider finished startup: PluginProvider
1559484765502	addons.manager	DEBUG	Completed startup sequence
1559484770255	addons.repository	DEBUG	No addons.json found.
1559484790807	addons.manager	DEBUG	Registering upgrade listener for formautofill@mozilla.org
1559484791846	addons.xpi	DEBUG	Ignoring file: name is not a valid add-on ID: /var/folders/zd/1jjypqsj545c4kqlxjgpvcqm0000gn/T/anonymous1681484531457380864webdriver-profile/extensions/webdriver-staging
1559484791847	addons.xpi	DEBUG	Existing add-on formautofill@mozilla.org in app-system-defaults
1559484791848	addons.xpi	DEBUG	Existing add-on fxmonitor@mozilla.org in app-system-defaults
1559484791848	addons.xpi	DEBUG	Existing add-on screenshots@mozilla.org in app-system-defaults
1559484791849	addons.xpi	DEBUG	Existing add-on webcompat-reporter@mozilla.org in app-system-defaults
1559484791849	addons.xpi	DEBUG	Existing add-on webcompat@mozilla.org in app-system-defaults
1559484791850	addons.xpi	DEBUG	scanForChanges changed: false, state: {}
JavaScript error: resource://gre/modules/addons/XPIProvider.jsm, line 2706: TypeError: addon is null
1559484797175	addons.xpi-utils	DEBUG	XPI Database saved, setting schema version preference to 31

Build info: version: '2.53.0', revision: '35ae25b', time: '2016-03-15 17:00:58'
System info: host: 'naveens-mbp-2', ip: '127.0.0.1', os.name: 'Mac OS X', os.arch: 'x86_64', os.version: '10.13.3', java.version: '1.8.0_91'
Driver info: driver.version: FirefoxDriver
	at org.openqa.selenium.firefox.internal.NewProfileExtensionConnection.start(NewProfileExtensionConnection.java:124)
	at org.openqa.selenium.firefox.FirefoxDriver.startClient(FirefoxDriver.java:271)
	at org.openqa.selenium.remote.RemoteWebDriver.<init>(RemoteWebDriver.java:119)
	at org.openqa.selenium.firefox.FirefoxDriver.<init>(FirefoxDriver.java:218)
	at org.openqa.selenium.firefox.FirefoxDriver.<init>(FirefoxDriver.java:211)
	at org.openqa.selenium.firefox.FirefoxDriver.<init>(FirefoxDriver.java:207)
	at org.openqa.selenium.firefox.FirefoxDriver.<init>(FirefoxDriver.java:120)
	at Inscale.Multi_Browser.openBrowser(Multi_Browser.java:28)
	at java.util.concurrent.ThreadPoolExecutor.runWorker(ThreadPoolExecutor.java:1142)
	at java.util.concurrent.ThreadPoolExecutor$Worker.run(ThreadPoolExecutor.java:617)
	at java.lang.Thread.run(Thread.java:745)
Caused by: org.openqa.selenium.firefox.NotConnectedException: Unable to connect to host 127.0.0.1 on port 7055 after 45000 ms. Firefox console output:
ader":null,"updateURL":null,"optionsURL":null,"optionsType":null,"optionsBrowserStyle":true,"aboutURL":null,"defaultLocale":{"name":"Web Compat","description":"Urgent post-release fixes for web compatibility.","creator":null,"developers":null,"translators":null,"contributors":null},"visible":true,"active":true,"userDisabled":false,"appDisabled":false,"installDate":1558048439000,"updateDate":1558048439000,"applyBackgroundUpdates":1,"path":"/Applications/Firefox.app/Contents/Resources/browser/features/webcompat@mozilla.org.xpi","skinnable":false,"sourceURI":null,"releaseNotesURI":null,"softDisabled":false,"foreignInstall":false,"strictCompatibility":true,"locales":[],"targetApplications":[{"id":"toolkit@mozilla.org","minVersion":"59.0b5","maxVersion":null}],"targetPlatforms":[],"seen":true,"dependencies":[],"incognito":"spanning","userPermissions":{"permissions":["webRequest","webRequestBlocking"],"origins":["<all_urls>"]},"icons":{},"iconURL":null,"blocklistState":0,"blocklistURL":null,"startupData":null,"hidden":true,"installTelemetryInfo":null,"rootURI":"jar:file:///Applications/Firefox.app/Contents/Resources/browser/features/webcompat@mozilla.org.xpi!/","location":"app-system-defaults"}
1559484765374	addons.xpi-utils	DEBUG	Updating add-on states
1559484765374	addons.xpi-utils	DEBUG	Error: Synchronously loading the add-ons database(resource://gre/modules/addons/XPIDatabase.jsm:1310:15) JS Stack trace: syncLoadDB@XPIDatabase.jsm:1310:15
startup@XPIProvider.jsm:2242:23
callProvider@AddonManager.jsm:204:31
_startProvider@AddonManager.jsm:655:5
startup@AddonManager.jsm:811:14
startup@AddonManager.jsm:2804:26
observe@addonManager.js:65:29
1559484765390	addons.xpi	DEBUG	Calling bootstrap method startup on formautofill@mozilla.org version 1.0
1559484765412	addons.xpi	DEBUG	Calling bootstrap method startup on fxmonitor@mozilla.org version 3.0
1559484765413	addons.xpi	DEBUG	Calling bootstrap method startup on screenshots@mozilla.org version 37.1.0
1559484765414	addons.xpi	DEBUG	Calling bootstrap method startup on webcompat@mozilla.org version 4.0.0
1559484765417	addons.manager	DEBUG	Registering shutdown blocker for XPIProvider
1559484765417	addons.manager	DEBUG	Provider finished startup: XPIProvider
1559484765417	addons.manager	DEBUG	Starting provider: LightweightThemeManager
1559484765417	addons.manager	DEBUG	Registering shutdown blocker for LightweightThemeManager
1559484765418	addons.manager	DEBUG	Provider finished startup: LightweightThemeManager
1559484765418	addons.manager	DEBUG	Starting provider: GMPProvider
1559484765437	addons.manager	DEBUG	Registering shutdown blocker for GMPProvider
1559484765438	addons.manager	DEBUG	Provider finished startup: GMPProvider
1559484765438	addons.manager	DEBUG	Starting provider: PluginProvider
1559484765438	addons.manager	DEBUG	Registering shutdown blocker for PluginProvider
1559484765438	addons.manager	DEBUG	Provider finished startup: PluginProvider
1559484765502	addons.manager	DEBUG	Completed startup sequence
1559484770255	addons.repository	DEBUG	No addons.json found.
1559484790807	addons.manager	DEBUG	Registering upgrade listener for formautofill@mozilla.org
1559484791846	addons.xpi	DEBUG	Ignoring file: name is not a valid add-on ID: /var/folders/zd/1jjypqsj545c4kqlxjgpvcqm0000gn/T/anonymous1681484531457380864webdriver-profile/extensions/webdriver-staging
1559484791847	addons.xpi	DEBUG	Existing add-on formautofill@mozilla.org in app-system-defaults
1559484791848	addons.xpi	DEBUG	Existing add-on fxmonitor@mozilla.org in app-system-defaults
1559484791848	addons.xpi	DEBUG	Existing add-on screenshots@mozilla.org in app-system-defaults
1559484791849	addons.xpi	DEBUG	Existing add-on webcompat-reporter@mozilla.org in app-system-defaults
1559484791849	addons.xpi	DEBUG	Existing add-on webcompat@mozilla.org in app-system-defaults
1559484791850	addons.xpi	DEBUG	scanForChanges changed: false, state: {}
JavaScript error: resource://gre/modules/addons/XPIProvider.jsm, line 2706: TypeError: addon is null
1559484797175	addons.xpi-utils	DEBUG	XPI Database saved, setting schema version preference to 31

	at org.openqa.selenium.firefox.internal.NewProfileExtensionConnection.start(NewProfileExtensionConnection.java:112)
	... 20 more
... Removed 10 stack frames]]>
    </failure>
  </testcase> <!-- openBrowser -->
</testsuite> <!-- Firefox Test -->
