<?xml version="1.0" encoding="UTF-8"?>
<!-- Generated by org.testng.reporters.JUnitXMLReporter -->
<testsuite hostname="naveens-mbp-2" name="Opera Test" tests="1" failures="1" timestamp="2 Jun 2019 14:13:34 GMT" time="0.247" errors="0">
  <testcase name="openBrowser" time="0.242" classname="Inscale.Multi_Browser">
    <failure type="java.lang.IllegalStateException" message="The driver executable does not exist: /Users/naveen514/Documents/workspace/INSCLAE/browsers/operedriver">
      <![CDATA[java.lang.IllegalStateException: The driver executable does not exist: /Users/naveen514/Documents/workspace/INSCLAE/browsers/operedriver
	at com.google.common.base.Preconditions.checkState(Preconditions.java:199)
	at org.openqa.selenium.remote.service.DriverService.checkExecutable(DriverService.java:121)
	at org.openqa.selenium.remote.service.DriverService.findExecutable(DriverService.java:116)
	at org.openqa.selenium.opera.OperaDriverService.access$0(OperaDriverService.java:1)
	at org.openqa.selenium.opera.OperaDriverService$Builder.findDefaultExecutable(OperaDriverService.java:118)
	at org.openqa.selenium.remote.service.DriverService$Builder.build(DriverService.java:296)
	at org.openqa.selenium.opera.OperaDriverService.createDefaultService(OperaDriverService.java:82)
	at org.openqa.selenium.opera.OperaDriver.<init>(OperaDriver.java:115)
	at Inscale.Multi_Browser.openBrowser(Multi_Browser.java:38)
	at java.util.concurrent.ThreadPoolExecutor.runWorker(ThreadPoolExecutor.java:1142)
	at java.util.concurrent.ThreadPoolExecutor$Worker.run(ThreadPoolExecutor.java:617)
	at java.lang.Thread.run(Thread.java:745)
... Removed 10 stack frames]]>
    </failure>
  </testcase> <!-- openBrowser -->
</testsuite> <!-- Opera Test -->
